{"C:\\Users\\usuario\\Desktop\\Telus\\Galileo FullStack\\Cursos grabacion\\Semestre 5\\UI-UX\\Proyectos\\docEngineX\\backend-api\\controllers\\document.controller.js": {"path":"C:\\Users\\usuario\\Desktop\\Telus\\Galileo FullStack\\Cursos grabacion\\Semestre 5\\UI-UX\\Proyectos\\docEngineX\\backend-api\\controllers\\document.controller.js","statementMap":{"0":{"start":{"line":1,"column":24},"end":{"line":1,"column":63}},"1":{"start":{"line":8,"column":25},"end":{"line":28,"column":1}},"2":{"start":{"line":9,"column":34},"end":{"line":9,"column":42}},"3":{"start":{"line":11,"column":2},"end":{"line":27,"column":3}},"4":{"start":{"line":13,"column":19},"end":{"line":16,"column":5}},"5":{"start":{"line":19,"column":4},"end":{"line":23,"column":7}},"6":{"start":{"line":25,"column":4},"end":{"line":25,"column":74}},"7":{"start":{"line":26,"column":4},"end":{"line":26,"column":66}},"8":{"start":{"line":30,"column":0},"end":{"line":32,"column":2}}},"fnMap":{"0":{"name":"(anonymous_0)","decl":{"start":{"line":8,"column":25},"end":{"line":8,"column":26}},"loc":{"start":{"line":8,"column":45},"end":{"line":28,"column":1}},"line":8}},"branchMap":{},"s":{"0":1,"1":1,"2":2,"3":2,"4":2,"5":1,"6":1,"7":1,"8":1},"f":{"0":2},"b":{},"_coverageSchema":"1a1c01bbd47fc00a2c39e90264f33305004495a9","hash":"ca1bcef46b0a2a5fc5da466245fdec64c550353a"}
,"C:\\Users\\usuario\\Desktop\\Telus\\Galileo FullStack\\Cursos grabacion\\Semestre 5\\UI-UX\\Proyectos\\docEngineX\\backend-api\\routes\\document.routes.js": {"path":"C:\\Users\\usuario\\Desktop\\Telus\\Galileo FullStack\\Cursos grabacion\\Semestre 5\\UI-UX\\Proyectos\\docEngineX\\backend-api\\routes\\document.routes.js","statementMap":{"0":{"start":{"line":1,"column":16},"end":{"line":1,"column":34}},"1":{"start":{"line":2,"column":15},"end":{"line":2,"column":31}},"2":{"start":{"line":3,"column":27},"end":{"line":3,"column":72}},"3":{"start":{"line":9,"column":0},"end":{"line":9,"column":62}},"4":{"start":{"line":11,"column":0},"end":{"line":11,"column":24}}},"fnMap":{},"branchMap":{},"s":{"0":1,"1":1,"2":1,"3":1,"4":1},"f":{},"b":{},"_coverageSchema":"1a1c01bbd47fc00a2c39e90264f33305004495a9","hash":"563b14ef5d4c5aad0c548354f65f3bdbfe880351"}
,"C:\\Users\\usuario\\Desktop\\Telus\\Galileo FullStack\\Cursos grabacion\\Semestre 5\\UI-UX\\Proyectos\\docEngineX\\backend-api\\services\\document.service.js": {"path":"C:\\Users\\usuario\\Desktop\\Telus\\Galileo FullStack\\Cursos grabacion\\Semestre 5\\UI-UX\\Proyectos\\docEngineX\\backend-api\\services\\document.service.js","statementMap":{"0":{"start":{"line":1,"column":11},"end":{"line":1,"column":27}},"1":{"start":{"line":2,"column":22},"end":{"line":2,"column":48}},"2":{"start":{"line":18,"column":22},"end":{"line":22,"column":5}},"3":{"start":{"line":23,"column":19},"end":{"line":23,"column":55}},"4":{"start":{"line":24,"column":19},"end":{"line":24,"column":52}},"5":{"start":{"line":25,"column":19},"end":{"line":25,"column":33}},"6":{"start":{"line":28,"column":4},"end":{"line":32,"column":7}},"7":{"start":{"line":34,"column":4},"end":{"line":34,"column":18}},"8":{"start":{"line":38,"column":0},"end":{"line":38,"column":33}}},"fnMap":{"0":{"name":"(anonymous_0)","decl":{"start":{"line":16,"column":2},"end":{"line":16,"column":3}},"loc":{"start":{"line":16,"column":59},"end":{"line":35,"column":3}},"line":16}},"branchMap":{},"s":{"0":1,"1":1,"2":2,"3":2,"4":2,"5":1,"6":1,"7":1,"8":1},"f":{"0":2},"b":{},"_coverageSchema":"1a1c01bbd47fc00a2c39e90264f33305004495a9","hash":"169d19307488cabc76fdd2fd03b87b111a6675c5"}
}
