{"C:\\Users\\usuario\\Desktop\\Telus\\Galileo FullStack\\Cursos grabacion\\Semestre 5\\UI-UX\\Proyectos\\docEngineX\\backend-api\\controllers\\document.controller.js": {"path":"C:\\Users\\usuario\\Desktop\\Telus\\Galileo FullStack\\Cursos grabacion\\Semestre 5\\UI-UX\\Proyectos\\docEngineX\\backend-api\\controllers\\document.controller.js","statementMap":{"0":{"start":{"line":1,"column":24},"end":{"line":1,"column":63}},"1":{"start":{"line":8,"column":25},"end":{"line":28,"column":1}},"2":{"start":{"line":9,"column":34},"end":{"line":9,"column":42}},"3":{"start":{"line":11,"column":2},"end":{"line":27,"column":3}},"4":{"start":{"line":13,"column":19},"end":{"line":16,"column":5}},"5":{"start":{"line":19,"column":4},"end":{"line":23,"column":7}},"6":{"start":{"line":25,"column":4},"end":{"line":25,"column":74}},"7":{"start":{"line":26,"column":4},"end":{"line":26,"column":66}},"8":{"start":{"line":33,"column":21},"end":{"line":41,"column":1}},"9":{"start":{"line":34,"column":2},"end":{"line":40,"column":3}},"10":{"start":{"line":35,"column":22},"end":{"line":35,"column":61}},"11":{"start":{"line":36,"column":4},"end":{"line":36,"column":36}},"12":{"start":{"line":38,"column":4},"end":{"line":38,"column":70}},"13":{"start":{"line":39,"column":4},"end":{"line":39,"column":77}},"14":{"start":{"line":43,"column":0},"end":{"line":46,"column":2}}},"fnMap":{"0":{"name":"(anonymous_0)","decl":{"start":{"line":8,"column":25},"end":{"line":8,"column":26}},"loc":{"start":{"line":8,"column":45},"end":{"line":28,"column":1}},"line":8},"1":{"name":"(anonymous_1)","decl":{"start":{"line":33,"column":21},"end":{"line":33,"column":22}},"loc":{"start":{"line":33,"column":41},"end":{"line":41,"column":1}},"line":33}},"branchMap":{},"s":{"0":1,"1":1,"2":2,"3":2,"4":2,"5":1,"6":1,"7":1,"8":1,"9":2,"10":2,"11":1,"12":1,"13":1,"14":1},"f":{"0":2,"1":2},"b":{},"_coverageSchema":"1a1c01bbd47fc00a2c39e90264f33305004495a9","hash":"0c92e6703efdcc38833d08bbb57829f8e9b2ec93"}
,"C:\\Users\\usuario\\Desktop\\Telus\\Galileo FullStack\\Cursos grabacion\\Semestre 5\\UI-UX\\Proyectos\\docEngineX\\backend-api\\routes\\document.routes.js": {"path":"C:\\Users\\usuario\\Desktop\\Telus\\Galileo FullStack\\Cursos grabacion\\Semestre 5\\UI-UX\\Proyectos\\docEngineX\\backend-api\\routes\\document.routes.js","statementMap":{"0":{"start":{"line":1,"column":16},"end":{"line":1,"column":34}},"1":{"start":{"line":2,"column":15},"end":{"line":2,"column":31}},"2":{"start":{"line":3,"column":27},"end":{"line":3,"column":72}},"3":{"start":{"line":10,"column":0},"end":{"line":10,"column":62}},"4":{"start":{"line":13,"column":0},"end":{"line":13,"column":53}},"5":{"start":{"line":15,"column":0},"end":{"line":15,"column":24}}},"fnMap":{},"branchMap":{},"s":{"0":1,"1":1,"2":1,"3":1,"4":1,"5":1},"f":{},"b":{},"_coverageSchema":"1a1c01bbd47fc00a2c39e90264f33305004495a9","hash":"11a4d919e214b0e5a568e8189a3dad0111b4fe8f"}
,"C:\\Users\\usuario\\Desktop\\Telus\\Galileo FullStack\\Cursos grabacion\\Semestre 5\\UI-UX\\Proyectos\\docEngineX\\backend-api\\services\\document.service.js": {"path":"C:\\Users\\usuario\\Desktop\\Telus\\Galileo FullStack\\Cursos grabacion\\Semestre 5\\UI-UX\\Proyectos\\docEngineX\\backend-api\\services\\document.service.js","statementMap":{"0":{"start":{"line":1,"column":11},"end":{"line":1,"column":27}},"1":{"start":{"line":2,"column":22},"end":{"line":2,"column":48}},"2":{"start":{"line":18,"column":22},"end":{"line":22,"column":5}},"3":{"start":{"line":23,"column":19},"end":{"line":23,"column":55}},"4":{"start":{"line":24,"column":19},"end":{"line":24,"column":52}},"5":{"start":{"line":25,"column":19},"end":{"line":25,"column":33}},"6":{"start":{"line":28,"column":4},"end":{"line":32,"column":7}},"7":{"start":{"line":34,"column":4},"end":{"line":34,"column":18}},"8":{"start":{"line":42,"column":22},"end":{"line":46,"column":5}},"9":{"start":{"line":48,"column":19},"end":{"line":48,"column":44}},"10":{"start":{"line":49,"column":4},"end":{"line":49,"column":23}},"11":{"start":{"line":53,"column":0},"end":{"line":53,"column":33}}},"fnMap":{"0":{"name":"(anonymous_0)","decl":{"start":{"line":16,"column":2},"end":{"line":16,"column":3}},"loc":{"start":{"line":16,"column":59},"end":{"line":35,"column":3}},"line":16},"1":{"name":"(anonymous_1)","decl":{"start":{"line":41,"column":2},"end":{"line":41,"column":3}},"loc":{"start":{"line":41,"column":33},"end":{"line":50,"column":3}},"line":41}},"branchMap":{},"s":{"0":1,"1":1,"2":2,"3":2,"4":2,"5":1,"6":1,"7":1,"8":2,"9":2,"10":1,"11":1},"f":{"0":2,"1":2},"b":{},"_coverageSchema":"1a1c01bbd47fc00a2c39e90264f33305004495a9","hash":"c7ce6e0cc06c72416d02c894270e373071c34c8c"}
}
