TN:
SF:controllers\document.controller.js
FN:8,(anonymous_0)
FNF:1
FNH:1
FNDA:2,(anonymous_0)
DA:1,1
DA:8,1
DA:9,2
DA:11,2
DA:13,2
DA:19,1
DA:25,1
DA:26,1
DA:30,1
LF:9
LH:9
BRF:0
BRH:0
end_of_record
TN:
SF:routes\document.routes.js
FNF:0
FNH:0
DA:1,1
DA:2,1
DA:3,1
DA:9,1
DA:11,1
LF:5
LH:5
BRF:0
BRH:0
end_of_record
TN:
SF:services\document.service.js
FN:16,(anonymous_0)
FNF:1
FNH:1
FNDA:2,(anonymous_0)
DA:1,1
DA:2,1
DA:18,2
DA:23,2
DA:24,2
DA:25,1
DA:28,1
DA:34,1
DA:38,1
LF:9
LH:9
BRF:0
BRH:0
end_of_record
