TN:
SF:controllers\document.controller.js
FN:8,(anonymous_0)
FN:33,(anonymous_1)
FNF:2
FNH:2
FNDA:2,(anonymous_0)
FNDA:2,(anonymous_1)
DA:1,1
DA:8,1
DA:9,2
DA:11,2
DA:13,2
DA:19,1
DA:25,1
DA:26,1
DA:33,1
DA:34,2
DA:35,2
DA:36,1
DA:38,1
DA:39,1
DA:43,1
LF:15
LH:15
BRF:0
BRH:0
end_of_record
TN:
SF:routes\document.routes.js
FNF:0
FNH:0
DA:1,1
DA:2,1
DA:3,1
DA:10,1
DA:13,1
DA:15,1
LF:6
LH:6
BRF:0
BRH:0
end_of_record
TN:
SF:services\document.service.js
FN:16,(anonymous_0)
FN:41,(anonymous_1)
FNF:2
FNH:2
FNDA:2,(anonymous_0)
FNDA:2,(anonymous_1)
DA:1,1
DA:2,1
DA:18,2
DA:23,2
DA:24,2
DA:25,1
DA:28,1
DA:34,1
DA:42,2
DA:48,2
DA:49,1
DA:53,1
LF:12
LH:12
BRF:0
BRH:0
end_of_record
